#
# A fatal error has been detected by the Java Runtime Environment:
#
#  EXCEPTION_ACCESS_VIOLATION (0xc0000005) at pc=0x000000006250f070, pid=6000, tid=5780
#
# JRE version: Java(TM) SE Runtime Environment (8.0_05-b13) (build 1.8.0_05-b13)
# Java VM: Java HotSpot(TM) 64-Bit Server VM (25.5-b02 mixed mode windows-amd64 compressed oops)
# Problematic frame:
# C  [nvoglv64.DLL+0xb7f070]
#
# Failed to write core dump. Minidumps are not enabled by default on client versions of Windows
#
# If you would like to submit a bug report, please visit:
#   http://bugreport.sun.com/bugreport/crash.jsp
# The crash happened outside the Java Virtual Machine in native code.
# See problematic frame for where to report the bug.
#

---------------  T H R E A D  ---------------

Current thread (0x0000000059a13000):  JavaThread "AWT-EventQueue-0" [_thread_in_native, id=5780, stack(0x000000005d260000,0x000000005d360000)]

siginfo: ExceptionCode=0xc0000005, reading address 0x0000000000000000

Registers:
RAX=0x000000006003057c, RBX=0x0000000000000000, RCX=0x000000005e95c1f8, RDX=0x0000000000000006
RSP=0x000000005d35db90, RBP=0x0000000000000000, RSI=0x0000000000000003, RDI=0x000000005e95c1e4
R8 =0x0000000000000004, R9 =0x0000000000000006, R10=0x0000000000000002, R11=0x000000005e74ae08
R12=0x0000000000000000, R13=0x0000000058d20000, R14=0x00000000000006d4, R15=0x0000000000000000
RIP=0x000000006250f070, EFLAGS=0x0000000000010246

Top of Stack: (sp=0x000000005d35db90)
0x000000005d35db90:   000000005e66bfa0 000000005e7c8388
0x000000005d35dba0:   0000000000000003 000000005e66bfa0
0x000000005d35dbb0:   00000000ffffffff 000000005e66bfa0
0x000000005d35dbc0:   000000005e66bfa0 0000000062511a3a
0x000000005d35dbd0:   0000000058d20000 0000000000000004
0x000000005d35dbe0:   0000000000001401 000000005e95c1d8
0x000000005d35dbf0:   0000000000000000 0000000000000000
0x000000005d35dc00:   0000000000000004 0000000062516e0d
0x000000005d35dc10:   0000000058d20000 000000005e7c8388
0x000000005d35dc20:   0000000058d20000 0000000000000002
0x000000005d35dc30:   00000000ffffffff 0000000000000006
0x000000005d35dc40:   0000000000000000 0000000000000000
0x000000005d35dc50:   0000000000000000 0000000000000000
0x000000005d35dc60:   000000005e50cbd0 000000005e50ccc0
0x000000005d35dc70:   0000000000000000 0000000059020000
0x000000005d35dc80:   000000005d35db90 0000000000000000 

Instructions: (pc=0x000000006250f070)
0x000000006250f050:   c6 48 83 c7 04 c1 e0 10 0d 7c 05 00 60 44 2b e6
0x000000006250f060:   89 47 fc 66 66 66 66 66 0f 1f 84 00 00 00 00 00
0x000000006250f070:   0f b7 03 48 83 c7 04 48 83 c3 08 66 03 c5 66 89
0x000000006250f080:   47 fc 0f b7 43 fc 66 03 c5 ff ce 66 89 47 fe 75 


Register to memory mapping:

RAX=0x000000006003057c is an unknown value
RBX=0x0000000000000000 is an unknown value
RCX=0x000000005e95c1f8 is an unknown value
RDX=0x0000000000000006 is an unknown value
RSP=0x000000005d35db90 is pointing into the stack for thread: 0x0000000059a13000
RBP=0x0000000000000000 is an unknown value
RSI=0x0000000000000003 is an unknown value
RDI=0x000000005e95c1e4 is an unknown value
R8 =0x0000000000000004 is an unknown value
R9 =0x0000000000000006 is an unknown value
R10=0x0000000000000002 is an unknown value
R11=0x000000005e74ae08 is an unknown value
R12=0x0000000000000000 is an unknown value
R13=0x0000000058d20000 is pointing into the stack for thread: 0x00000000575a0000
R14=0x00000000000006d4 is an unknown value
R15=0x0000000000000000 is an unknown value


Stack: [0x000000005d260000,0x000000005d360000],  sp=0x000000005d35db90,  free space=1014k
Native frames: (J=compiled Java code, j=interpreted, Vv=VM code, C=native code)

Java frames: (J=compiled Java code, j=interpreted, Vv=VM code)
j  jogamp.opengl.gl4.GL4bcImpl.dispatch_glDrawElements1(IIIJJ)V+0
j  jogamp.opengl.gl4.GL4bcImpl.glDrawElements(IIIJ)V+59
j  menutest.UVQuad.display(Ljavax/media/opengl/GLAutoDrawable;)V+40
j  menutest.MenuRenderer.display(Ljavax/media/opengl/GLAutoDrawable;)V+5
j  jogamp.opengl.GLDrawableHelper.displayImpl(Ljavax/media/opengl/GLAutoDrawable;)V+81
j  jogamp.opengl.GLDrawableHelper.display(Ljavax/media/opengl/GLAutoDrawable;)V+2
j  javax.media.opengl.awt.GLCanvas$10.run()V+118
j  jogamp.opengl.GLDrawableHelper.invokeGLImpl(Ljavax/media/opengl/GLDrawable;Ljavax/media/opengl/GLContext;Ljava/lang/Runnable;Ljava/lang/Runnable;)V+206
j  jogamp.opengl.GLDrawableHelper.invokeGL(Ljavax/media/opengl/GLDrawable;Ljavax/media/opengl/GLContext;Ljava/lang/Runnable;Ljava/lang/Runnable;)V+80
j  javax.media.opengl.awt.GLCanvas$11.run()V+73
j  java.awt.event.InvocationEvent.dispatch()V+11
j  java.awt.EventQueue.dispatchEventImpl(Ljava/awt/AWTEvent;Ljava/lang/Object;)V+21
j  java.awt.EventQueue.access$400(Ljava/awt/EventQueue;Ljava/awt/AWTEvent;Ljava/lang/Object;)V+3
j  java.awt.EventQueue$3.run()Ljava/lang/Void;+32
j  java.awt.EventQueue$3.run()Ljava/lang/Object;+1
v  ~StubRoutines::call_stub
j  java.security.AccessController.doPrivileged(Ljava/security/PrivilegedAction;Ljava/security/AccessControlContext;)Ljava/lang/Object;+0
j  java.security.ProtectionDomain$1.doIntersectionPrivilege(Ljava/security/PrivilegedAction;Ljava/security/AccessControlContext;Ljava/security/AccessControlContext;)Ljava/lang/Object;+28
j  java.awt.EventQueue.dispatchEvent(Ljava/awt/AWTEvent;)V+46
j  java.awt.EventDispatchThread.pumpOneEventForFilters(I)V+245
j  java.awt.EventDispatchThread.pumpEventsForFilter(ILjava/awt/Conditional;Ljava/awt/EventFilter;)V+35
j  java.awt.EventDispatchThread.pumpEventsForHierarchy(ILjava/awt/Conditional;Ljava/awt/Component;)V+11
j  java.awt.EventDispatchThread.pumpEvents(ILjava/awt/Conditional;)V+4
j  java.awt.EventDispatchThread.pumpEvents(Ljava/awt/Conditional;)V+3
j  java.awt.EventDispatchThread.run()V+9
v  ~StubRoutines::call_stub

---------------  P R O C E S S  ---------------

Java Threads: ( => current thread )
  0x00000000021fe000 JavaThread "DestroyJavaVM" [_thread_blocked, id=4548, stack(0x0000000002230000,0x0000000002330000)]
  0x0000000059d05000 JavaThread "main-AWTAnimator" [_thread_blocked, id=5296, stack(0x000000005f510000,0x000000005f610000)]
  0x0000000059ba8800 JavaThread "main-SharedResourceRunner" daemon [_thread_blocked, id=1528, stack(0x000000005d5a0000,0x000000005d6a0000)]
=>0x0000000059a13000 JavaThread "AWT-EventQueue-0" [_thread_in_native, id=5780, stack(0x000000005d260000,0x000000005d360000)]
  0x0000000059a0d000 JavaThread "AWT-Windows" daemon [_thread_in_native, id=5880, stack(0x000000005a850000,0x000000005a950000)]
  0x0000000059a0c800 JavaThread "AWT-Shutdown" [_thread_blocked, id=4788, stack(0x000000005a6c0000,0x000000005a7c0000)]
  0x0000000059a0b800 JavaThread "Java2D Disposer" daemon [_thread_blocked, id=1672, stack(0x000000005a520000,0x000000005a620000)]
  0x0000000059101800 JavaThread "Service Thread" daemon [_thread_blocked, id=2748, stack(0x00000000595c0000,0x00000000596c0000)]
  0x00000000575ae800 JavaThread "C1 CompilerThread2" daemon [_thread_blocked, id=5876, stack(0x0000000058af0000,0x0000000058bf0000)]
  0x00000000575ac800 JavaThread "C2 CompilerThread1" daemon [_thread_blocked, id=4624, stack(0x0000000058fa0000,0x00000000590a0000)]
  0x00000000575a8000 JavaThread "C2 CompilerThread0" daemon [_thread_blocked, id=5084, stack(0x00000000588b0000,0x00000000589b0000)]
  0x00000000575a3000 JavaThread "Attach Listener" daemon [_thread_blocked, id=4360, stack(0x0000000058de0000,0x0000000058ee0000)]
  0x00000000575a0000 JavaThread "Signal Dispatcher" daemon [_thread_blocked, id=3292, stack(0x0000000058c20000,0x0000000058d20000)]
  0x0000000057542000 JavaThread "Finalizer" daemon [_thread_blocked, id=5172, stack(0x00000000589c0000,0x0000000058ac0000)]
  0x0000000057539000 JavaThread "Reference Handler" daemon [_thread_blocked, id=4256, stack(0x0000000058740000,0x0000000058840000)]

Other Threads:
  0x0000000057535800 VMThread [stack: 0x0000000058640000,0x0000000058740000] [id=2616]
  0x0000000059106800 WatcherThread [stack: 0x00000000597d0000,0x00000000598d0000] [id=4344]

VM state:not at safepoint (normal execution)

VM Mutex/Monitor currently owned by a thread: None

Heap:
 PSYoungGen      total 9728K, used 7378K [0x00000000d5700000, 0x00000000d6800000, 0x0000000100000000)
  eden space 8192K, 71% used [0x00000000d5700000,0x00000000d5cb4808,0x00000000d5f00000)
  from space 1536K, 100% used [0x00000000d5f00000,0x00000000d6080000,0x00000000d6080000)
  to   space 2048K, 0% used [0x00000000d6600000,0x00000000d6600000,0x00000000d6800000)
 ParOldGen       total 129536K, used 2316K [0x0000000080400000, 0x0000000088280000, 0x00000000d5700000)
  object space 129536K, 1% used [0x0000000080400000,0x0000000080643268,0x0000000088280000)
 Metaspace       used 14031K, capacity 14213K, committed 14336K, reserved 1062912K
  class space    used 1485K, capacity 1528K, committed 1536K, reserved 1048576K

Card table byte_map: [0x0000000011aa0000,0x0000000011ea0000] byte_map_base: 0x000000001169e000

Marking Bits: (ParMarkBitMap*) 0x000000006fe913b0
 Begin Bits: [0x00000000127d0000, 0x00000000147c0000)
 End Bits:   [0x00000000147c0000, 0x00000000167b0000)

Polling page: 0x0000000000120000

CodeCache: size=245760Kb used=3043Kb max_used=3056Kb free=242716Kb
 bounds [0x00000000026e0000, 0x00000000029e0000, 0x00000000116e0000]
 total_blobs=1540 nmethods=752 adapters=702
 compilation: enabled

Compilation events (10 events):
Event: 1.122 Thread 0x00000000575ae800  749       3       com.sun.imageio.plugins.png.PNGImageReader::decodeSubFilter (54 bytes)
Event: 1.122 Thread 0x00000000575ae800 nmethod 749 0x00000000029cfed0 code [0x00000000029d0040, 0x00000000029d0270]
Event: 1.122 Thread 0x00000000575ae800  750       3       com.sun.imageio.plugins.png.PNGImageReader::updateImageProgress (29 bytes)
Event: 1.123 Thread 0x00000000575ae800 nmethod 750 0x00000000029d6650 code [0x00000000029d67e0, 0x00000000029d6988]
Event: 1.123 Thread 0x00000000575ae800  751       3       javax.imageio.ImageReader::processImageProgress (56 bytes)
Event: 1.123 Thread 0x00000000575ae800 nmethod 751 0x00000000029d5cd0 code [0x00000000029d5e80, 0x00000000029d6448]
Event: 1.123 Thread 0x00000000575ae800  752       3       sun.awt.image.ByteInterleavedRaster::setRect (187 bytes)
Event: 1.123 Thread 0x00000000575ae800 nmethod 752 0x00000000029d5390 code [0x00000000029d5520, 0x00000000029d5bb8]
Event: 1.124 Thread 0x00000000575ac800 nmethod 746 0x00000000029db450 code [0x00000000029db580, 0x00000000029db778]
Event: 1.124 Thread 0x00000000575ac800  747 %     4       com.sun.imageio.plugins.png.PNGImageReader::decodePaethFilter @ 56 (143 bytes)

GC Heap History (10 events):
Event: 0.277 GC heap before
{Heap before GC invocations=5 (full 0):
 PSYoungGen      total 2560K, used 2560K [0x00000000d5700000, 0x00000000d5a00000, 0x0000000100000000)
  eden space 2048K, 100% used [0x00000000d5700000,0x00000000d5900000,0x00000000d5900000)
  from space 512K, 100% used [0x00000000d5980000,0x00000000d5a00000,0x00000000d5a00000)
  to   space 512K, 0% used [0x00000000d5900000,0x00000000d5900000,0x00000000d5980000)
 ParOldGen       total 129536K, used 690K [0x0000000080400000, 0x0000000088280000, 0x00000000d5700000)
  object space 129536K, 0% used [0x0000000080400000,0x00000000804ac998,0x0000000088280000)
 Metaspace       used 5319K, capacity 5382K, committed 5504K, reserved 1056768K
  class space    used 601K, capacity 626K, committed 640K, reserved 1048576K
Event: 0.278 GC heap after
Heap after GC invocations=5 (full 0):
 PSYoungGen      total 2560K, used 480K [0x00000000d5700000, 0x00000000d5e00000, 0x0000000100000000)
  eden space 2048K, 0% used [0x00000000d5700000,0x00000000d5700000,0x00000000d5900000)
  from space 512K, 93% used [0x00000000d5900000,0x00000000d5978020,0x00000000d5980000)
  to   space 1536K, 0% used [0x00000000d5c80000,0x00000000d5c80000,0x00000000d5e00000)
 ParOldGen       total 129536K, used 1112K [0x0000000080400000, 0x0000000088280000, 0x00000000d5700000)
  object space 129536K, 0% used [0x0000000080400000,0x0000000080516240,0x0000000088280000)
 Metaspace       used 5319K, capacity 5382K, committed 5504K, reserved 1056768K
  class space    used 601K, capacity 626K, committed 640K, reserved 1048576K
}
Event: 0.417 GC heap before
{Heap before GC invocations=6 (full 0):
 PSYoungGen      total 2560K, used 2407K [0x00000000d5700000, 0x00000000d5e00000, 0x0000000100000000)
  eden space 2048K, 94% used [0x00000000d5700000,0x00000000d58e1d28,0x00000000d5900000)
  from space 512K, 93% used [0x00000000d5900000,0x00000000d5978020,0x00000000d5980000)
  to   space 1536K, 0% used [0x00000000d5c80000,0x00000000d5c80000,0x00000000d5e00000)
 ParOldGen       total 129536K, used 1112K [0x0000000080400000, 0x0000000088280000, 0x00000000d5700000)
  object space 129536K, 0% used [0x0000000080400000,0x0000000080516240,0x0000000088280000)
 Metaspace       used 7996K, capacity 8134K, committed 8192K, reserved 1056768K
  class space    used 962K, capacity 1020K, committed 1024K, reserved 1048576K
Event: 0.419 GC heap after
Heap after GC invocations=6 (full 0):
 PSYoungGen      total 5632K, used 1119K [0x00000000d5700000, 0x00000000d5e00000, 0x0000000100000000)
  eden space 4096K, 0% used [0x00000000d5700000,0x00000000d5700000,0x00000000d5b00000)
  from space 1536K, 72% used [0x00000000d5c80000,0x00000000d5d97c30,0x00000000d5e00000)
  to   space 1536K, 0% used [0x00000000d5b00000,0x00000000d5b00000,0x00000000d5c80000)
 ParOldGen       total 129536K, used 1120K [0x0000000080400000, 0x0000000088280000, 0x00000000d5700000)
  object space 129536K, 0% used [0x0000000080400000,0x0000000080518240,0x0000000088280000)
 Metaspace       used 7996K, capacity 8134K, committed 8192K, reserved 1056768K
  class space    used 962K, capacity 1020K, committed 1024K, reserved 1048576K
}
Event: 0.528 GC heap before
{Heap before GC invocations=7 (full 0):
 PSYoungGen      total 5632K, used 5215K [0x00000000d5700000, 0x00000000d5e00000, 0x0000000100000000)
  eden space 4096K, 100% used [0x00000000d5700000,0x00000000d5b00000,0x00000000d5b00000)
  from space 1536K, 72% used [0x00000000d5c80000,0x00000000d5d97c30,0x00000000d5e00000)
  to   space 1536K, 0% used [0x00000000d5b00000,0x00000000d5b00000,0x00000000d5c80000)
 ParOldGen       total 129536K, used 1120K [0x0000000080400000, 0x0000000088280000, 0x00000000d5700000)
  object space 129536K, 0% used [0x0000000080400000,0x0000000080518240,0x0000000088280000)
 Metaspace       used 10659K, capacity 10835K, committed 11136K, reserved 1058816K
  class space    used 1069K, capacity 1109K, committed 1152K, reserved 1048576K
Event: 0.529 GC heap after
Heap after GC invocations=7 (full 0):
 PSYoungGen      total 5632K, used 1082K [0x00000000d5700000, 0x00000000d6200000, 0x0000000100000000)
  eden space 4096K, 0% used [0x00000000d5700000,0x00000000d5700000,0x00000000d5b00000)
  from space 1536K, 70% used [0x00000000d5b00000,0x00000000d5c0eaa8,0x00000000d5c80000)
  to   space 1536K, 0% used [0x00000000d6080000,0x00000000d6080000,0x00000000d6200000)
 ParOldGen       total 129536K, used 1376K [0x0000000080400000, 0x0000000088280000, 0x00000000d5700000)
  object space 129536K, 1% used [0x0000000080400000,0x0000000080558290,0x0000000088280000)
 Metaspace       used 10659K, capacity 10835K, committed 11136K, reserved 1058816K
  class space    used 1069K, capacity 1109K, committed 1152K, reserved 1048576K
}
Event: 0.800 GC heap before
{Heap before GC invocations=8 (full 0):
 PSYoungGen      total 5632K, used 5178K [0x00000000d5700000, 0x00000000d6200000, 0x0000000100000000)
  eden space 4096K, 100% used [0x00000000d5700000,0x00000000d5b00000,0x00000000d5b00000)
  from space 1536K, 70% used [0x00000000d5b00000,0x00000000d5c0eaa8,0x00000000d5c80000)
  to   space 1536K, 0% used [0x00000000d6080000,0x00000000d6080000,0x00000000d6200000)
 ParOldGen       total 129536K, used 1376K [0x0000000080400000, 0x0000000088280000, 0x00000000d5700000)
  object space 129536K, 1% used [0x0000000080400000,0x0000000080558290,0x0000000088280000)
 Metaspace       used 11337K, capacity 11481K, committed 11776K, reserved 1060864K
  class space    used 1136K, capacity 1174K, committed 1280K, reserved 1048576K
Event: 0.804 GC heap after
Heap after GC invocations=8 (full 0):
 PSYoungGen      total 9728K, used 1067K [0x00000000d5700000, 0x00000000d6200000, 0x0000000100000000)
  eden space 8192K, 0% used [0x00000000d5700000,0x00000000d5700000,0x00000000d5f00000)
  from space 1536K, 69% used [0x00000000d6080000,0x00000000d618af60,0x00000000d6200000)
  to   space 1536K, 0% used [0x00000000d5f00000,0x00000000d5f00000,0x00000000d6080000)
 ParOldGen       total 129536K, used 1536K [0x0000000080400000, 0x0000000088280000, 0x00000000d5700000)
  object space 129536K, 1% used [0x0000000080400000,0x0000000080580290,0x0000000088280000)
 Metaspace       used 11337K, capacity 11481K, committed 11776K, reserved 1060864K
  class space    used 1136K, capacity 1174K, committed 1280K, reserved 1048576K
}
Event: 0.936 GC heap before
{Heap before GC invocations=9 (full 0):
 PSYoungGen      total 9728K, used 9259K [0x00000000d5700000, 0x00000000d6200000, 0x0000000100000000)
  eden space 8192K, 100% used [0x00000000d5700000,0x00000000d5f00000,0x00000000d5f00000)
  from space 1536K, 69% used [0x00000000d6080000,0x00000000d618af60,0x00000000d6200000)
  to   space 1536K, 0% used [0x00000000d5f00000,0x00000000d5f00000,0x00000000d6080000)
 ParOldGen       total 129536K, used 1536K [0x0000000080400000, 0x0000000088280000, 0x00000000d5700000)
  object space 129536K, 1% used [0x0000000080400000,0x0000000080580290,0x0000000088280000)
 Metaspace       used 11433K, capacity 11545K, committed 11776K, reserved 1060864K
  class space    used 1141K, capacity 1174K, committed 1280K, reserved 1048576K
Event: 0.941 GC heap after
Heap after GC invocations=9 (full 0):
 PSYoungGen      total 9728K, used 1536K [0x00000000d5700000, 0x00000000d6800000, 0x0000000100000000)
  eden space 8192K, 0% used [0x00000000d5700000,0x00000000d5700000,0x00000000d5f00000)
  from space 1536K, 100% used [0x00000000d5f00000,0x00000000d6080000,0x00000000d6080000)
  to   space 2048K, 0% used [0x00000000d6600000,0x00000000d6600000,0x00000000d6800000)
 ParOldGen       total 129536K, used 2316K [0x0000000080400000, 0x0000000088280000, 0x00000000d5700000)
  object space 129536K, 1% used [0x0000000080400000,0x0000000080643268,0x0000000088280000)
 Metaspace       used 11433K, capacity 11545K, committed 11776K, reserved 1060864K
  class space    used 1141K, capacity 1174K, committed 1280K, reserved 1048576K
}

Deoptimization events (1 events):
Event: 1.010 Thread 0x00000000021fe000 Uncommon trap: reason=unreached action=reinterpret pc=0x000000000298bcb0 method=java.lang.reflect.AccessibleObject.setAccessible0(Ljava/lang/reflect/AccessibleObject;Z)V @ 4

Internal exceptions (10 events):
Event: 1.074 Thread 0x00000000021fe000 Exception <a 'java/security/PrivilegedActionException'> (0x00000000d5b036b8) thrown at [D:\re\workspace\8-2-build-windows-amd64-cygwin\jdk8u5\2488\hotspot\src\share\vm\prims\jvm.cpp, line 1248]
Event: 1.076 Thread 0x0000000059d05000 Exception <a 'java/security/PrivilegedActionException'> (0x00000000d5b0dee8) thrown at [D:\re\workspace\8-2-build-windows-amd64-cygwin\jdk8u5\2488\hotspot\src\share\vm\prims\jvm.cpp, line 1248]
Event: 1.077 Thread 0x0000000059d05000 Exception <a 'java/security/PrivilegedActionException'> (0x00000000d5b11c00) thrown at [D:\re\workspace\8-2-build-windows-amd64-cygwin\jdk8u5\2488\hotspot\src\share\vm\prims\jvm.cpp, line 1248]
Event: 1.077 Thread 0x0000000059d05000 Exception <a 'java/security/PrivilegedActionException'> (0x00000000d5b17a88) thrown at [D:\re\workspace\8-2-build-windows-amd64-cygwin\jdk8u5\2488\hotspot\src\share\vm\prims\jvm.cpp, line 1248]
Event: 1.078 Thread 0x0000000059d05000 Exception <a 'java/security/PrivilegedActionException'> (0x00000000d5b1d818) thrown at [D:\re\workspace\8-2-build-windows-amd64-cygwin\jdk8u5\2488\hotspot\src\share\vm\prims\jvm.cpp, line 1248]
Event: 1.078 Thread 0x0000000059d05000 Exception <a 'java/security/PrivilegedActionException'> (0x00000000d5b21970) thrown at [D:\re\workspace\8-2-build-windows-amd64-cygwin\jdk8u5\2488\hotspot\src\share\vm\prims\jvm.cpp, line 1248]
Event: 1.078 Thread 0x0000000059d05000 Exception <a 'java/security/PrivilegedActionException'> (0x00000000d5b3ab70) thrown at [D:\re\workspace\8-2-build-windows-amd64-cygwin\jdk8u5\2488\hotspot\src\share\vm\prims\jvm.cpp, line 1248]
Event: 1.079 Thread 0x0000000059d05000 Exception <a 'java/security/PrivilegedActionException'> (0x00000000d5b3e570) thrown at [D:\re\workspace\8-2-build-windows-amd64-cygwin\jdk8u5\2488\hotspot\src\share\vm\prims\jvm.cpp, line 1248]
Event: 1.089 Thread 0x0000000059a13000 Exception <a 'java/security/PrivilegedActionException'> (0x00000000d5a04df8) thrown at [D:\re\workspace\8-2-build-windows-amd64-cygwin\jdk8u5\2488\hotspot\src\share\vm\prims\jvm.cpp, line 1248]
Event: 1.125 Thread 0x0000000059a13000 Exception <a 'java/security/PrivilegedActionException'> (0x00000000d5ca97c8) thrown at [D:\re\workspace\8-2-build-windows-amd64-cygwin\jdk8u5\2488\hotspot\src\share\vm\prims\jvm.cpp, line 1248]

Events (10 events):
Event: 1.123 Thread 0x0000000059a13000 DEOPT PACKING pc=0x00000000029c96e6 sp=0x000000005d35da60
Event: 1.123 Thread 0x0000000059a13000 DEOPT UNPACKING pc=0x0000000002727604 sp=0x000000005d35d778 mode 0
Event: 1.123 Thread 0x0000000059a13000 DEOPT PACKING pc=0x00000000029c96e6 sp=0x000000005d35da60
Event: 1.123 Thread 0x0000000059a13000 DEOPT UNPACKING pc=0x0000000002727604 sp=0x000000005d35d778 mode 0
Event: 1.124 Thread 0x0000000059a13000 DEOPT PACKING pc=0x00000000029c96e6 sp=0x000000005d35da60
Event: 1.124 Thread 0x0000000059a13000 DEOPT UNPACKING pc=0x0000000002727604 sp=0x000000005d35d778 mode 0
Event: 1.125 loading class com/jogamp/opengl/util/GLBuffers
Event: 1.125 loading class com/jogamp/opengl/util/GLBuffers done
Event: 1.126 loading class java/nio/HeapFloatBuffer
Event: 1.126 loading class java/nio/HeapFloatBuffer done


Dynamic libraries:
0x000000013f740000 - 0x000000013f774000 	C:\Program Files\Java\jre8\bin\javaw.exe
0x0000000076f40000 - 0x00000000770e9000 	C:\Windows\SYSTEM32\ntdll.dll
0x0000000076d20000 - 0x0000000076e3f000 	C:\Windows\system32\kernel32.dll
0x000007fefd0e0000 - 0x000007fefd14b000 	C:\Windows\system32\KERNELBASE.dll
0x000007fefee10000 - 0x000007fefeeeb000 	C:\Windows\system32\ADVAPI32.dll
0x000007fefd770000 - 0x000007fefd80f000 	C:\Windows\system32\msvcrt.dll
0x000007fefd750000 - 0x000007fefd76f000 	C:\Windows\SYSTEM32\sechost.dll
0x000007fefd4d0000 - 0x000007fefd5fd000 	C:\Windows\system32\RPCRT4.dll
0x0000000076e40000 - 0x0000000076f3a000 	C:\Windows\system32\USER32.dll
0x000007fefeb70000 - 0x000007fefebd7000 	C:\Windows\system32\GDI32.dll
0x000007fefe670000 - 0x000007fefe67e000 	C:\Windows\system32\LPK.dll
0x000007fefe940000 - 0x000007fefea09000 	C:\Windows\system32\USP10.dll
0x000007fefb750000 - 0x000007fefb944000 	C:\Windows\WinSxS\amd64_microsoft.windows.common-controls_6595b64144ccf1df_6.0.7601.17514_none_fa396087175ac9ac\COMCTL32.dll
0x000007fefd6d0000 - 0x000007fefd741000 	C:\Windows\system32\SHLWAPI.dll
0x000007fefd8b0000 - 0x000007fefd8de000 	C:\Windows\system32\IMM32.DLL
0x000007fefd3c0000 - 0x000007fefd4c9000 	C:\Windows\system32\MSCTF.dll
0x00000000747b0000 - 0x0000000074882000 	C:\Program Files\Java\jre8\bin\msvcr100.dll
0x000000006f6e0000 - 0x000000006ff0a000 	C:\Program Files\Java\jre8\bin\server\jvm.dll
0x000007fef8340000 - 0x000007fef8349000 	C:\Windows\system32\WSOCK32.dll
0x000007fefd600000 - 0x000007fefd64d000 	C:\Windows\system32\WS2_32.dll
0x000007feff240000 - 0x000007feff248000 	C:\Windows\system32\NSI.dll
0x000007fefaee0000 - 0x000007fefaf1b000 	C:\Windows\system32\WINMM.dll
0x0000000077100000 - 0x0000000077107000 	C:\Windows\system32\PSAPI.DLL
0x00000000747a0000 - 0x00000000747af000 	C:\Program Files\Java\jre8\bin\verify.dll
0x0000000074770000 - 0x0000000074798000 	C:\Program Files\Java\jre8\bin\java.dll
0x0000000074750000 - 0x0000000074766000 	C:\Program Files\Java\jre8\bin\zip.dll
0x000007fefd8e0000 - 0x000007fefe668000 	C:\Windows\system32\SHELL32.dll
0x000007fefd1b0000 - 0x000007fefd3b3000 	C:\Windows\system32\ole32.dll
0x000007fefcd20000 - 0x000007fefcd2f000 	C:\Windows\system32\profapi.dll
0x000007fefc7e0000 - 0x000007fefc7f7000 	C:\Windows\system32\CRYPTSP.dll
0x000007fefc2b0000 - 0x000007fefc2f7000 	C:\Windows\system32\rsaenh.dll
0x000007fefc020000 - 0x000007fefc03e000 	C:\Windows\system32\USERENV.dll
0x000007fefcc50000 - 0x000007fefcc5f000 	C:\Windows\system32\CRYPTBASE.dll
0x0000000074730000 - 0x000000007474a000 	C:\Program Files\Java\jre8\bin\net.dll
0x000007fefc550000 - 0x000007fefc5a5000 	C:\Windows\system32\mswsock.dll
0x000007fefc540000 - 0x000007fefc547000 	C:\Windows\System32\wship6.dll
0x000007fefa750000 - 0x000007fefa777000 	C:\Windows\system32\IPHLPAPI.DLL
0x000007fefa730000 - 0x000007fefa73b000 	C:\Windows\system32\WINNSI.DLL
0x000007fefa4a0000 - 0x000007fefa4b1000 	C:\Windows\system32\dhcpcsvc6.DLL
0x000007fefa480000 - 0x000007fefa498000 	C:\Windows\system32\dhcpcsvc.DLL
0x0000000074710000 - 0x0000000074721000 	C:\Program Files\Java\jre8\bin\nio.dll
0x00000000637c0000 - 0x00000000637cd000 	C:\Users\Peer\AppData\Local\Temp\jogamp_0000\file_cache\jln4540325648820065409\jln2772386934151694684\gluegen-rt.dll
0x0000000068720000 - 0x00000000688b6000 	C:\Program Files\Java\jre8\bin\awt.dll
0x000007fefe680000 - 0x000007fefe757000 	C:\Windows\system32\OLEAUT32.dll
0x000000006e6d0000 - 0x000000006e6d7000 	C:\Program Files\Java\jre8\bin\jawt.dll
0x000000006a440000 - 0x000000006a44d000 	C:\Users\Peer\AppData\Local\Temp\jogamp_0000\file_cache\jln4540325648820065409\jln2772386934151694684\nativewindow_awt.dll
0x000007fefaeb0000 - 0x000007fefaec8000 	C:\Windows\system32\DWMAPI.DLL
0x000007feee620000 - 0x000007feee81f000 	C:\Windows\system32\d3d9.dll
0x000007fefbe10000 - 0x000007fefbe1c000 	C:\Windows\system32\VERSION.dll
0x000007fefa940000 - 0x000007fefa947000 	C:\Windows\system32\d3d8thk.dll
0x000007feeb4c0000 - 0x000007feec5e8000 	C:\Windows\system32\nvd3dumx.dll
0x000007fefbc40000 - 0x000007fefbc6c000 	C:\Windows\system32\powrprof.dll
0x000007fefe760000 - 0x000007fefe937000 	C:\Windows\system32\SETUPAPI.dll
0x000007fefcdd0000 - 0x000007fefce06000 	C:\Windows\system32\CFGMGR32.dll
0x000007fefd0c0000 - 0x000007fefd0da000 	C:\Windows\system32\DEVOBJ.dll
0x0000000180000000 - 0x0000000180155000 	C:\Program Files (x86)\NVIDIA Corporation\3D Vision\nvSCPAPI64.dll
0x000007fef98d0000 - 0x000007fef9baf000 	C:\Windows\system32\nvapi64.dll
0x000007fefd040000 - 0x000007fefd07a000 	C:\Windows\system32\WINTRUST.dll
0x000007fefcec0000 - 0x000007fefd02c000 	C:\Windows\system32\CRYPT32.dll
0x000007fefcdc0000 - 0x000007fefcdcf000 	C:\Windows\system32\MSASN1.dll
0x000000006c100000 - 0x000000006c10f000 	C:\Users\Peer\AppData\Local\Temp\jogamp_0000\file_cache\jln4540325648820065409\jln2772386934151694684\nativewindow_win32.dll
0x000007fef3fc0000 - 0x000007fef40dd000 	C:\Windows\system32\OpenGL32.dll
0x000007fef3f90000 - 0x000007fef3fbd000 	C:\Windows\system32\GLU32.dll
0x000007fef3e90000 - 0x000007fef3f81000 	C:\Windows\system32\DDRAW.dll
0x000007fef3e80000 - 0x000007fef3e88000 	C:\Windows\system32\DCIMAN32.dll
0x0000000064500000 - 0x00000000645a2000 	C:\Users\Peer\AppData\Local\Temp\jogamp_0000\file_cache\jln4540325648820065409\jln2772386934151694684\jogl_desktop.dll
0x0000000061990000 - 0x000000006337b000 	C:\Windows\system32\nvoglv64.DLL
0x000007fefaf20000 - 0x000007fefaf4d000 	C:\Windows\system32\ntmarta.dll
0x000007fefd150000 - 0x000007fefd1a2000 	C:\Windows\system32\WLDAP32.dll
0x0000000069300000 - 0x0000000069347000 	C:\Program Files\Java\jre8\bin\fontmanager.dll
0x000007feff1a0000 - 0x000007feff239000 	C:\Windows\system32\CLBCatQ.DLL
0x000007fef6610000 - 0x000007fef6735000 	C:\Windows\system32\dbghelp.dll

VM Arguments:
jvm_args: -Dfile.encoding=Cp1252 
java_command: main.Main
java_class_path (initial): D:\Eclipse Workspaces\JOGL tutorials\JOGL tutorial\bin;D:\Eclipse Workspaces\JOGL tutorials\JOGL\bin;D:\Eclipse Workspaces\JOGL tutorials\JOGL\lib\gluegen-rt-natives-windows-amd64.jar;D:\Eclipse Workspaces\JOGL tutorials\JOGL\lib\gluegen-rt.jar;D:\Eclipse Workspaces\JOGL tutorials\JOGL\lib\jogl-all-natives-windows-amd64.jar;D:\Eclipse Workspaces\JOGL tutorials\JOGL\lib\jogl-all.jar
Launcher Type: SUN_STANDARD

Environment Variables:
PATH=C:\Program Files (x86)\Haskell\bin;C:\03 Applications\Haskell Platform 2013.2.0.0\lib\extralibs\bin;C:\03 Applications\Haskell Platform 2013.2.0.0\bin;C:\Program Files (x86)\NVIDIA Corporation\PhysX\Common;C:\Program Files\Common Files\Microsoft Shared\Windows Live;C:\Program Files (x86)\Common Files\Microsoft Shared\Windows Live;C:\Windows\system32;C:\Windows;C:\Windows\System32\Wbem;C:\Windows\System32\WindowsPowerShell\v1.0\;C:\Program Files (x86)\Windows Live\Shared;C:\03 Applications\Haskell Platform 2013.2.0.0\mingw\bin;C:\php;C:\Users\Peer\AppData\Roaming\cabal\bin
USERNAME=Peer
OS=Windows_NT
PROCESSOR_IDENTIFIER=Intel64 Family 6 Model 42 Stepping 7, GenuineIntel



---------------  S Y S T E M  ---------------

OS: Windows 7 , 64 bit Build 7601 Service Pack 1

CPU:total 4 (4 cores per cpu, 1 threads per core) family 6 model 42 stepping 7, cmov, cx8, fxsr, mmx, sse, sse2, sse3, ssse3, sse4.1, sse4.2, popcnt, avx, clmul, tsc, tscinvbit

Memory: 4k page, physical 8368392k(5295180k free), swap 16734920k(13409712k free)

vm_info: Java HotSpot(TM) 64-Bit Server VM (25.5-b02) for windows-amd64 JRE (1.8.0_05-b13), built on Mar 18 2014 01:08:39 by "java_re" with MS VC++ 10.0 (VS2010)

time: Mon Jul 07 18:33:47 2014
elapsed time: 1 seconds

